GET /api/persons 304 - - 3.054 ms
GET / 304 - - 1.266 ms
GET /info 200 97 - 0.715 ms
GET /api/persons/3 304 - - 0.666 ms
GET /api/persons/2 304 - - 0.521 ms
POST /api/persons 200 42 - 0.343 ms
POST /api/persons 400 57 - 1.381 ms
tiny POST /api/persons 2.659
POST /api/persons 2.840
POST /api/persons 200 2.598
POST /api/persons 200 42 - 6.831 ms sd
POST /api/persons 200 42 - 2.716 ms 
POST /api/persons 400 57 - 0.582 ms 
POST /api/persons 200 42 - 0.390 ms 
POST /api/persons 200 42 - 2.648 ms 
POST /api/persons 200 40 - 2.661 ms 
POST /api/persons 500 1288 - 5.356 ms 
POST /api/persons 500 1288 - 0.498 ms 
POST /api/persons 200 42 - 4.661 ms 
POST /api/persons 200 42 - 3.817 ms 
POST /api/persons 200 42 - 2.716 ms {"name":"JosaFVaaaaasa","number":"72-152-487","doomues":"duumies"}
GET /api/persons 200 279 - 0.660 ms {}
POST /api/persons 200 42 - 0.394 ms {"name":"Josafat Montcatalo","number":"72-152-487","doomues":"duumies"}
GET /api/notes 404 148 - 7.737 ms {}
GET /api/notes 404 148 - 0.810 ms {}
GET /api/notes 404 148 - 8.043 ms {}
GET /api/persons/2 304 - - 2.446 ms {}
GET / 200 11 - 2.768 ms {}
GET / 304 - - 0.610 ms {}
GET /persons 404 146 - 2.490 ms {}
GET /persons 404 146 - 0.702 ms {}
GET / 304 - - 0.534 ms {}
GET /info 200 97 - 0.532 ms {}
GET /api/persons 304 - - 0.665 ms {}
GET /persons 404 146 - 0.339 ms {}
GET /persons 404 146 - 0.610 ms {}
GET /persons 404 146 - 1.237 ms {}
GET /persons 404 146 - 0.629 ms {}
GET / 304 - - 0.336 ms {}
GET / 304 - - 0.385 ms {}
GET / 304 - - 0.421 ms {}
GET / 304 - - 0.636 ms {}
GET / 304 - - 0.842 ms {}
GET / 304 - - 0.801 ms {}
GET / 304 - - 0.478 ms {}
GET /api/persons 304 - - 1.098 ms {}
GET /api/persons 304 - - 0.514 ms {}
GET /api/persons 304 - - 0.401 ms {}
GET /api/persons 304 - - 0.716 ms {}
GET /api/persons 304 - - 0.236 ms {}
GET /api/persons 304 - - 0.520 ms {}
GET /api/persons 304 - - 0.489 ms {}
GET /api/persons 304 - - 0.464 ms {}
GET /api/persons 304 - - 0.534 ms {}
GET /api/persons 304 - - 0.262 ms {}
GET /api/persons 304 - - 0.395 ms {}
GET /api/persons 304 - - 0.225 ms {}
OPTIONS /api/persons 204 0 - 0.811 ms {}
POST /api/persons 200 42 - 0.328 ms {"name":"Israel Matute","number":"1212","id":0}
GET /api/persons 200 273 - 0.253 ms {}
OPTIONS /api/persons/784 204 0 - 0.545 ms {}
PUT /api/persons/784 404 154 - 0.248 ms {"name":"Israel Matute","number":"222222","id":0}
GET /api/persons 200 273 - 1.133 ms {}
GET /api/persons 200 273 - 0.235 ms {}
GET /api/persons 304 - - 0.501 ms {}
GET /api/persons 304 - - 0.463 ms {}
GET /api/persons 304 - - 0.417 ms {}
GET /api/persons 304 - - 0.542 ms {}
GET /api/persons 304 - - 0.306 ms {}
GET /api/persons 304 - - 0.290 ms {}
GET /api/persons 304 - - 0.294 ms {}
GET /api/persons 304 - - 0.407 ms {}
OPTIONS /api/persons/784 204 0 - 0.116 ms {}
DELETE /api/persons/784 204 - - 0.327 ms {}
OPTIONS /api/persons 204 0 - 0.108 ms {}
POST /api/persons 200 42 - 0.980 ms {"name":"Israel Matute","number":"222222","id":-1}
GET /api/persons 200 275 - 0.334 ms {}
GET /api/persons 304 - - 0.356 ms {}
OPTIONS /api/persons 204 0 - 0.449 ms {}
POST /api/persons 200 42 - 0.331 ms {"name":"stoRAGEbeatZ771","number":"1111","id":0}
GET /api/persons 200 327 - 0.512 ms {}
GET /api/persons 304 - - 0.446 ms {}
GET /api/persons 304 - - 0.456 ms {}
GET /api/persons 304 - - 0.876 ms {}
OPTIONS /api/persons/311 204 0 - 0.186 ms {}
DELETE /api/persons/311 204 - - 0.213 ms {}
OPTIONS /api/persons 204 0 - 0.112 ms {}
POST /api/persons 200 42 - 0.228 ms {"name":"Karl Marx","number":"22","id":-1}
GET /api/persons 200 319 - 0.445 ms {}
GET /api/persons 304 - - 1.186 ms {}
OPTIONS /api/persons/576 204 0 - 0.174 ms {}
DELETE /api/persons/576 204 - - 0.182 ms {}
OPTIONS /api/persons 204 0 - 0.199 ms {}
POST /api/persons 200 42 - 0.208 ms {"name":"Karl Marx","number":"222","id":-1}
GET /api/persons 200 320 - 0.491 ms {}
GET /api/persons 304 - - 0.458 ms {}
OPTIONS /api/persons/656 204 0 - 0.201 ms {}
DELETE /api/persons/656 204 - - 0.127 ms {}
OPTIONS /api/persons 204 0 - 0.584 ms {}
POST /api/persons 200 42 - 0.395 ms {"name":"Karl Marx","number":"2222","id":-1}
GET /api/persons 200 223 - 6.383 ms {}
GET /api/persons 304 - - 1.569 ms {}
OPTIONS /api/persons 204 0 - 0.777 ms {}
POST /api/persons 200 44 - 0.767 ms {"name":"Karl Marx","number":"222","id":0}
OPTIONS /api/persons/663 204 0 - 1.117 ms {}
DELETE /api/persons/663 204 - - 0.407 ms {}
OPTIONS /api/persons 204 0 - 0.145 ms {}
POST /api/persons 200 48 - 0.316 ms {"name":"Israel Matute","number":"111","id":0}
GET /api/persons 200 272 - 0.273 ms {}
GET /api/persons 304 - - 0.329 ms {}
GET /api/persons 304 - - 0.421 ms {}
GET /api/persons 200 223 - 6.476 ms {}
GET /api/persons 304 - - 0.939 ms {}
OPTIONS /api/persons 204 0 - 1.052 ms {}
POST /api/persons 200 49 - 0.555 ms {"name":"Israel Matute","number":"23113","id":0}
GET /api/persons 200 273 - 0.360 ms {}
GET /api/persons 304 - - 0.356 ms {}
GET /api/persons 304 - - 0.230 ms {}
GET /api/persons 304 - - 0.413 ms {}
GET /api/persons 304 - - 0.405 ms {}
GET /api/persons 200 223 - 8.079 ms {}
GET /api/persons 304 - - 1.989 ms {}
OPTIONS /api/persons 204 0 - 0.484 ms {}
POST /api/persons 200 49 - 0.662 ms {"name":"Israel Matute","number":"1111","id":0}
GET /api/persons 200 223 - 4.398 ms {}
GET /favicon.ico 404 150 - 2.088 ms {}
GET /api/persons 304 - - 1.628 ms {}
GET / 200 452 - 2.947 ms {}
GET /assets/index-9534cb8a.css 200 249 - 1.888 ms {}
GET /assets/index-def2b4b1.js 200 173913 - 3.636 ms {}
GET /api/notes 404 148 - 0.949 ms {}
GET /vite.svg 200 1497 - 1.378 ms {}
GET / 304 - - 2.395 ms {}
GET /assets/index-def2b4b1.js 304 - - 0.665 ms {}
GET /assets/index-9534cb8a.css 304 - - 0.615 ms {}
GET /api/notes 404 148 - 0.625 ms {}
GET /vite.svg 304 - - 0.552 ms {}
GET / 304 - - 0.775 ms {}
GET /assets/index-def2b4b1.js 304 - - 0.685 ms {}
GET /assets/index-9534cb8a.css 304 - - 1.345 ms {}
GET /api/notes 404 148 - 0.720 ms {}
GET /vite.svg 304 - - 0.536 ms {}
GET / 304 - - 0.614 ms {}
GET /assets/index-def2b4b1.js 304 - - 0.950 ms {}
GET /assets/index-9534cb8a.css 304 - - 0.788 ms {}
GET /api/notes 404 148 - 0.870 ms {}
GET /vite.svg 304 - - 0.816 ms {}
GET / 304 - - 0.469 ms {}
GET /assets/index-def2b4b1.js 304 - - 1.375 ms {}
GET /assets/index-9534cb8a.css 304 - - 1.004 ms {}
GET /api/notes 404 148 - 0.647 ms {}
GET /vite.svg 304 - - 0.554 ms {}
GET / 304 - - 6.186 ms {}
GET /assets/index-def2b4b1.js 304 - - 1.310 ms {}
GET /assets/index-9534cb8a.css 304 - - 1.039 ms {}
GET /api/notes 404 148 - 3.401 ms {}
GET /vite.svg 304 - - 0.849 ms {}
GET / 304 - - 0.819 ms {}
GET /assets/index-def2b4b1.js 304 - - 0.509 ms {}
GET /assets/index-9534cb8a.css 304 - - 0.658 ms {}
GET /api/notes 404 148 - 1.312 ms {}
GET /vite.svg 304 - - 0.600 ms {}
GET / 304 - - 0.701 ms {}
GET /assets/index-def2b4b1.js 304 - - 0.979 ms {}
GET /assets/index-9534cb8a.css 304 - - 1.017 ms {}
GET /api/notes 404 148 - 1.004 ms {}
GET /vite.svg 304 - - 2.845 ms {}
GET /assets/index-9534cb8a.css 304 - - 0.812 ms {}
GET /api/notes 404 148 - 1.199 ms {}
GET /api/persons 304 - - 3.168 ms {}
GET / 200 452 - 9.623 ms {}
GET /assets/index-31c6fc43.css 200 210 - 3.015 ms {}
GET /assets/index-31db45bf.js 200 175878 - 3.891 ms {}
GET /api/persons 304 - - 6.015 ms {}
GET /vite.svg 304 - - 1.540 ms {}
GET /api/persons 200 223 - 9.755 ms {}
GET /api/persons 304 - - 5.601 ms {}
GET /info 200 97 - 10.083 ms {}
GET /json/version 404 151 - 6.111 ms {}
GET /json 404 143 - 1.898 ms {}
GET /json/version 404 151 - 0.889 ms {}
GET /json 404 143 - 0.902 ms {}
GET /json/version 404 151 - 0.783 ms {}
GET /json 404 143 - 0.831 ms {}
GET /json/version 404 151 - 1.043 ms {}
GET /json 404 143 - 0.829 ms {}
GET /json/version 404 151 - 1.053 ms {}
GET /json 404 143 - 1.037 ms {}
GET /json/version 404 151 - 1.336 ms {}
GET /json 404 143 - 0.727 ms {}
GET /json/version 404 151 - 2.773 ms {}
GET /json 404 143 - 0.804 ms {}
GET /json/version 404 151 - 0.769 ms {}
GET /json 404 143 - 0.689 ms {}
GET /json/version 404 151 - 0.765 ms {}
GET /json 404 143 - 0.756 ms {}
GET /json/version 404 151 - 0.804 ms {}
GET /json 404 143 - 0.762 ms {}
GET /json/version 404 151 - 0.811 ms {}
GET /json 404 143 - 0.714 ms {}
GET /json/version 404 151 - 0.762 ms {}
GET /json 404 143 - 0.721 ms {}
GET /json/version 404 151 - 0.783 ms {}
GET /json 404 143 - 0.735 ms {}
GET /json/version 404 151 - 0.721 ms {}
GET /json 404 143 - 0.663 ms {}
GET /json/version 404 151 - 0.921 ms {}
GET /json 404 143 - 1.237 ms {}
GET /json/version 404 151 - 0.749 ms {}
GET /json 404 143 - 0.683 ms {}
GET /json/version 404 151 - 1.177 ms {}
GET /json 404 143 - 0.834 ms {}
GET /json/version 404 151 - 0.718 ms {}
GET /json 404 143 - 0.642 ms {}
GET /json/version 404 151 - 0.577 ms {}
GET /json 404 143 - 0.464 ms {}
GET /api/notes 404 148 - 4.789 ms {}
GET / 200 452 - 4.072 ms {}
GET /assets/index-31c6fc43.css 200 210 - 1.519 ms {}
GET /assets/index-31db45bf.js 200 175878 - 4.917 ms {}
GET /api/persons 304 - - 6.489 ms {}
GET / 304 - - 6.970 ms {}
GET /assets/index-31db45bf.js 304 - - 1.960 ms {}
GET /assets/index-31c6fc43.css 304 - - 2.254 ms {}
GET /api/persons 500 1295 - 5.559 ms {}
GET /vite.svg 200 1497 - 4.331 ms {}
GET / 304 - - 0.639 ms {}
GET /assets/index-31db45bf.js 304 - - 1.568 ms {}
GET /assets/index-31c6fc43.css 304 - - 1.332 ms {}
GET /api/persons 500 1295 - 1.238 ms {}
GET /vite.svg 304 - - 0.740 ms {}
GET /info 500 1395 - 1.358 ms {}
GET /info 500 1395 - 0.656 ms {}
GET /info 200 105 - 105.030 ms {}
GET /info 200 97 - 1286.794 ms {}
GET /info 200 97 - 112.930 ms {}
GET / 304 - - 5.175 ms {}
GET /assets/index-31db45bf.js 304 - - 14.043 ms {}
GET /assets/index-31c6fc43.css 304 - - 13.440 ms {}
GET /vite.svg 304 - - 0.737 ms {}
GET /api/persons 200 262 - 113.701 ms {}
GET /api/persons 304 - - 101.946 ms {}
GET /api/persons 200 235 - 110.872 ms {}
GET / 304 - - 1.714 ms {}
GET /assets/index-31db45bf.js 304 - - 1.492 ms {}
GET /assets/index-31c6fc43.css 304 - - 1.325 ms {}
GET /vite.svg 304 - - 0.554 ms {}
GET /api/persons 304 - - 100.474 ms {}
GET /api/persons/6528f30dcdf2e4476dfa9133 200 75 - 113.138 ms {"content":"CSS is Easy","important":false}
GET /api/persons/6528f30dcdf2e4476dfa9132 200 70 - 97.970 ms {"content":"CSS is Easy","important":false}
GET /api/persons/6528f30dcdf2e4476dfa9133 200 75 - 99.837 ms {"content":"CSS is Easy","important":false}
DELETE /api/persons/6528f30dcdf2e4476dfa9133 204 - - 2.732 ms {"content":"CSS is Easy","important":false}
GET /api/persons 200 159 - 109.310 ms {}
GET /api/persons 200 159 - 120.542 ms {"name":"Arto Hellas","number":"040-123456"}
POST /api/persons 500 1440 - 3.315 ms {"name":"Arto Hellas","number":"040-123456"}
POST /api/persons 500 1377 - 19.388 ms {"name":"Arto Hellas","number":"040-123456"}
POST /api/persons 500 1377 - 19.718 ms {"name":"Arto Hellas","number":"040-123456"}
POST /api/persons 200 80 - 10.690 ms {"name":"Ada Lovelace","number":"39-44-5323523"}
POST /api/persons 200 80 - 8.327 ms {"name":"Ada Lovelace","number":"39-44-5323523"}
POST /api/persons 200 80 - 10.956 ms {"name":"Ada Lovelace","number":"39-44-5323523"}
POST /api/persons 200 80 - 10.740 ms {"name":"Ada Lovelace","number":"39-44-5323523"}
POST /api/persons 200 80 - 10.380 ms {"name":"Ada Lovelace","number":"39-44-5323523"}
POST /api/persons 200 71 - 109.939 ms {"name":"Ada Lovelace","number":"39-44-5323523"}
POST /api/persons 400 46 - 0.571 ms {"name":"","number":"39-44-5323523"}
GET / 304 - - 4.304 ms {}
GET /assets/index-31db45bf.js 304 - - 1.510 ms {}
GET /assets/index-31c6fc43.css 304 - - 1.271 ms {}
GET /vite.svg 304 - - 0.569 ms {}
GET /api/persons 200 398 - 115.546 ms {}
DELETE /api/persons/652b90209fe97586e2d16db6 204 - - 3.545 ms {}
GET / 304 - - 0.893 ms {}
GET /assets/index-31db45bf.js 304 - - 1.981 ms {}
GET /assets/index-31c6fc43.css 304 - - 1.509 ms {}
GET /vite.svg 304 - - 0.471 ms {}
GET /api/persons 200 317 - 100.086 ms {}
POST /api/persons 200 78 - 100.585 ms {"name":"Israel Matute","number":"7527532753","id":0}
PUT /api/persons/6528f6a97124f0d1264ef743 200 75 - 115.386 ms {"number":"8273442"}
PUT /api/persons/6528f6a97124f0d1264ef743 200 71 - 113.324 ms {"number":"827344as2"}
PUT /api/persons/6528f6a97124f0d1264ef743 200 29 - 219.331 ms {"number":"8273442"}
PUT /api/persons/6528f6a97124f0d1264ef743 200 72 - 219.017 ms {"number":"82734122"}
GET / 304 - - 2.430 ms {}
GET /assets/index-31db45bf.js 304 - - 1.705 ms {}
GET /assets/index-31c6fc43.css 304 - - 1.404 ms {}
GET /vite.svg 304 - - 0.549 ms {}
GET /api/persons 200 393 - 103.538 ms {}
POST /api/persons 200 70 - 98.774 ms {"name":"Arturito","number":"2132141","id":0}
GET /assets/index-31c6fc43.css 304 - - 0.720 ms {}
DELETE /api/persons/652b974eddcb97bfe700ee92 204 - - 0.665 ms {}
POST /api/persons 200 76 - 97.768 ms {"name":"Artur Conan ","number":"213142342","id":0}
POST /api/persons 200 74 - 100.269 ms {"name":"Artur Conan","number":"21412523","id":1}
PUT /api/persons/652b910e9471f646679b818c 200 73 - 207.354 ms {"name":"Israel Matute","number":"34324","id":2}
PUT /api/persons/652b9784ddcb97bfe700ee99 200 79 - 198.880 ms {"name":"Artur Conan","number":"3423423252777","id":2}
DELETE /api/persons/652b976bddcb97bfe700ee96 204 - - 0.701 ms {}
GET /api/persons 200 468 - 1394.857 ms {}
GET /favicon.ico 404 150 - 4.585 ms {}
GET /api/persons/6528f6a97124f0d1264ef743xs - - - - ms {"number":"82734122"}
GET /api/persons/6528f6a97124f0d1264ef7 - - - - ms {"number":"82734122"}
GET /api/persons/652b8e08712afa3fd3dfb867 200 76 - 113.437 ms {"number":"82734122"}
GET /api/persons/652b8e08712afa3fd3dfb86X - - - - ms {"number":"82734122"}
GET /api/persons 200 468 - 110.551 ms {}
GET /api/persons 304 - - 104.621 ms {}
GET /api/persons/652b8e08712afa3fd3dfb86X 500 1364 - 3.993 ms {"number":"82734122"}
GET /api/persons/6528f3310840a50068f5bc2d 200 81 - 101.424 ms {"number":"82734122"}
GET /api/persons/6528f3310840a50068f5bc2x 500 1364 - 2.858 ms {"number":"82734122"}
GET /api/persons/6528f3310840a50068f5bc2x 400 27 - 9.828 ms {"number":"82734122"}
GET /api/persons/6528f3310840a50068f5bc2xadada 400 27 - 2.220 ms {"number":"82734122"}
GET /api/persons/652b8e08712afa3fd3dfb86 400 27 - 1.892 ms {"number":"82734122"}
GET /api/persons/652b8e08712afa3fd3dfb867 200 76 - 109.441 ms {"number":"82734122"}
GET / 304 - - 9.930 ms {}
GET /assets/index-31c6fc43.css 304 - - 4.086 ms {}
GET /assets/index-31db45bf.js 304 - - 2.192 ms {}
GET /api/persons 304 - - 113.329 ms {}
PUT /api/persons/652b910e9471f646679b818c 200 75 - 222.724 ms {"name":"Israel Matute","number":"1111111","id":0}
DELETE /api/persons/652b910e9471f646679b818c 204 - - 0.646 ms {}
POST /api/persons 200 70 - 99.942 ms {"name":"Israel Matute","number":"12","id":-1}
PUT /api/persons/652cc8b5bed57c4769800f5d 200 71 - 198.806 ms {"name":"Israel Matute","number":"121","id":0}
PUT /api/persons/652b8e08712afa3fd3dfb867xazxa 400 27 - 3.020 ms {"number":"82734122"}
PUT /api/persons/652b8e08712afa3fd3dfb867 200 75 - 208.775 ms {"number":"8273a4122"}
PUT /api/persons/652b8e08712afa3fd3dfb867 200 74 - 206.602 ms {"number":"82734122"}
PUT /api/persons/652b910e9471f646679b818c 200 66 - 99.490 ms {"name":"Josafat Matute Moncada","number":"82734122"}
PUT /api/persons/652b910e9471f646679b818c 200 66 - 97.563 ms {"name":"Josafat Matute Moncada","number":"82734122"}
GET /api/persons 200 464 - 111.172 ms {}
GET /api/persons/652b910e9471f646679b818c 404 70 - 98.010 ms {}
GET /api/persons/6528f3310840a50068f5bc2d 200 81 - 98.323 ms {}
GET /api/persons/652cc8b5bed57c4769800f5d 200 71 - 96.933 ms {}
PUT /api/persons/652cc8b5bed57c4769800f5d 200 76 - 205.559 ms {"name":"Josafat Matute Moncada","number":"82734122"}
GET /api/persons/652cc8b5bed57c4769800f5d 200 76 - 98.346 ms {}
GET /api/persons/652cc8b5bed57c4769800f5d 304 - - 100.413 ms {}
GET /api/persons/652cc8b5bed57c4769800f5d 304 - - 97.539 ms {}
GET /api/persons/652cc8b5bed57c4769800f5d 304 - - 122.250 ms {}
GET /api/persons/652cc8b5bed57c4769800f5d 304 - - 96.651 ms {}
PUT /api/persons/652cc8b5bed57c4769800f5d 200 76 - 202.449 ms {"name":"Josafat Matute Moncada","number":"82734122"}
PUT /api/persons/652cc8b5bed57c4769800f5d 200 76 - 212.534 ms {"name":"Josafat Matute Moncada","number":"82734122"}
PUT /api/persons/652cc8b5bed57c4769800f5d 200 81 - 285.389 ms {"number":"8273412111112"}
GET /api/persons/652cc8b5bed57c4769800f5d 200 81 - 110.059 ms {}
GET / 304 - - 1.469 ms {}
GET /assets/index-31db45bf.js 304 - - 1.693 ms {}
GET /assets/index-31c6fc43.css 304 - - 1.090 ms {}
GET /vite.svg 304 - - 0.887 ms {}
GET /api/persons 200 474 - 101.933 ms {}
PUT /api/persons/652cc8b5bed57c4769800f5d 200 75 - 211.057 ms {"name":"Israel Matute","number":"1111111","id":0}
PUT /api/persons/6528f6a97124f0d1264ef743 200 72 - 200.087 ms {"name":"Karl Marx","number":"22222222","id":0}
GET / 304 - - 4.352 ms {}
GET /assets/index-31db45bf.js 304 - - 2.098 ms {}
GET /assets/index-31c6fc43.css 304 - - 0.525 ms {}
GET /vite.svg 304 - - 0.657 ms {}
GET / 304 - - 0.603 ms {}
GET /api/persons - - - - ms {}
GET /assets/index-31db45bf.js 304 - - 1.382 ms {}
GET /assets/index-31c6fc43.css 304 - - 1.354 ms {}
GET /vite.svg 304 - - 0.584 ms {}
GET /api/persons 200 548 - 101.449 ms {}
PUT /api/persons/652cc8b5bed57c4769800f5d 400 114 - 105.633 ms {"name":"Israel Matute","number":"44","id":0}
GET /assets/index-31c6fc43.css 304 - - 1.012 ms {}
GET / 304 - - 4.440 ms {}
GET /assets/index-31db45bf.js 304 - - 2.010 ms {}
GET /assets/index-31c6fc43.css 304 - - 1.775 ms {}
GET /vite.svg 304 - - 0.707 ms {}
GET /api/persons 304 - - 108.489 ms {}
GET / 304 - - 0.666 ms {}
GET /assets/index-31db45bf.js 304 - - 0.929 ms {}
GET /assets/index-31c6fc43.css 304 - - 0.652 ms {}
GET /vite.svg 304 - - 0.533 ms {}
GET /api/persons 304 - - 102.763 ms {}
GET / 304 - - 0.918 ms {}
GET /assets/index-31db45bf.js 304 - - 0.859 ms {}
GET /assets/index-31c6fc43.css 304 - - 1.204 ms {}
GET /vite.svg 304 - - 0.571 ms {}
GET /api/persons 304 - - 107.855 ms {}
PUT /api/persons/652cc8b5bed57c4769800f5d 400 114 - 110.507 ms {"name":"Israel Matute","number":"11","id":0}
GET /assets/index-31c6fc43.css 304 - - 0.701 ms {}
PUT /api/persons/652cc8b5bed57c4769800f5d 400 114 - 99.089 ms {"name":"Israel Matute","number":"11","id":0}
POST /api/persons 200 78 - 99.242 ms {"name":"Israel Matute Moncada","number":"11","id":0}
POST /api/persons 200 71 - 97.500 ms {"name":"Israel Matutex","number":"13","id":1}
GET / 304 - - 0.458 ms {}
GET /assets/index-31db45bf.js 304 - - 1.078 ms {}
GET /assets/index-31c6fc43.css 304 - - 1.087 ms {}
GET /vite.svg 304 - - 0.526 ms {}
GET /api/persons 200 548 - 99.890 ms {}
POST /api/persons 200 64 - 100.234 ms {"name":"xd","number":"1231313","id":0}
GET /assets/index-31c6fc43.css 304 - - 0.604 ms {}
GET / 304 - - 0.451 ms {}
GET /assets/index-31db45bf.js 304 - - 0.667 ms {}
GET /assets/index-31c6fc43.css 304 - - 0.409 ms {}
GET /vite.svg 304 - - 0.501 ms {}
GET /api/persons 200 548 - 101.656 ms {}
GET / 304 - - 0.462 ms {}
GET /assets/index-31db45bf.js 304 - - 1.404 ms {}
GET /assets/index-31c6fc43.css 304 - - 0.586 ms {}
GET /vite.svg 304 - - 0.412 ms {}
GET /api/persons 304 - - 98.209 ms {}
GET / 304 - - 0.453 ms {}
GET /assets/index-31db45bf.js 304 - - 0.803 ms {}
GET /assets/index-31c6fc43.css 304 - - 0.709 ms {}
GET /vite.svg 304 - - 0.418 ms {}
GET /api/persons 304 - - 101.031 ms {}
GET / 304 - - 0.425 ms {}
GET /assets/index-31db45bf.js 304 - - 0.527 ms {}
GET /assets/index-31c6fc43.css 304 - - 0.438 ms {}
GET /vite.svg 304 - - 1.686 ms {}
GET /api/persons 304 - - 101.248 ms {}
GET / 304 - - 0.442 ms {}
GET /assets/index-31db45bf.js 304 - - 0.935 ms {}
GET /assets/index-31c6fc43.css 304 - - 0.868 ms {}
GET /vite.svg 304 - - 0.519 ms {}
GET /api/persons 304 - - 107.557 ms {}
GET /assets/index-31c6fc43.css 304 - - 0.842 ms {}
PUT /api/persons/652cc8b5bed57c4769800f5d 400 114 - 99.611 ms {"name":"Israel Matute","number":"11","id":0}
PUT /api/persons/652cc8b5bed57c4769800f5d 400 114 - 101.177 ms {"name":"Israel Matute","number":"11","id":0}
GET / 304 - - 5.778 ms {}
GET /assets/index-31db45bf.js 304 - - 1.664 ms {}
GET /assets/index-31c6fc43.css 304 - - 1.438 ms {}
GET /vite.svg 304 - - 0.695 ms {}
GET /api/persons 304 - - 110.922 ms {}
PUT /api/persons/652cc8b5bed57c4769800f5d 400 114 - 104.680 ms {"name":"Israel Matute","number":"21","id":0}
GET /assets/index-31c6fc43.css 304 - - 0.853 ms {}
GET / 304 - - 0.843 ms {}
GET /assets/index-31db45bf.js 304 - - 1.093 ms {}
GET /assets/index-31c6fc43.css 304 - - 0.732 ms {}
GET /vite.svg 304 - - 0.635 ms {}
GET /api/persons 304 - - 100.549 ms {}
PUT /api/persons/652cc8b5bed57c4769800f5d 400 113 - 98.785 ms {"name":"Israel Matute","number":"1","id":0}
GET / 304 - - 0.725 ms {}
GET /assets/index-31db45bf.js 304 - - 0.674 ms {}
GET /assets/index-31c6fc43.css 304 - - 0.814 ms {}
GET /vite.svg 304 - - 0.672 ms {}
GET /api/persons 304 - - 133.949 ms {}
PUT /api/persons/652cc8b5bed57c4769800f5d 400 113 - 98.743 ms {"name":"Israel Matute","number":"1","id":0}
GET / 304 - - 0.560 ms {}
GET /assets/index-31db45bf.js 304 - - 0.895 ms {}
GET /assets/index-31c6fc43.css 304 - - 1.031 ms {}
GET /vite.svg 304 - - 1.160 ms {}
GET /api/persons 304 - - 103.270 ms {}
PUT /api/persons/652cc8b5bed57c4769800f5d 400 113 - 98.952 ms {"name":"Israel Matute","number":"1","id":0}
GET / 304 - - 4.802 ms {}
GET /assets/index-31db45bf.js 304 - - 2.918 ms {}
GET /assets/index-31c6fc43.css 304 - - 1.698 ms {}
GET /vite.svg 304 - - 0.585 ms {}
GET /api/persons 304 - - 1583.124 ms {}
PUT /api/persons/652cc8b5bed57c4769800f5d 400 114 - 106.483 ms {"name":"Israel Matute","number":"22","id":0}
GET /assets/index-31c6fc43.css 304 - - 1.168 ms {}
GET / 304 - - 5.279 ms {}
GET /assets/index-31db45bf.js 304 - - 1.900 ms {}
GET /assets/index-31c6fc43.css 304 - - 1.390 ms {}
GET /vite.svg 304 - - 0.726 ms {}
GET /api/persons 304 - - 111.081 ms {}
PUT /api/persons/652cc8b5bed57c4769800f5d 400 114 - 107.873 ms {"name":"Israel Matute","number":"22","id":0}
GET /api/persons 200 548 - 115.974 ms {}
GET /api/persons 304 - - 101.364 ms {}
PUT /api/persons/652cc8b5bed57c4769800f5d 400 114 - 119.858 ms {"name":"Israel Matute","number":"11","id":0}
POST /api/persons 200 78 - 100.218 ms {"name":"Israel Matute Moncada","number":"11","id":0}
GET /api/persons 200 548 - 99.001 ms {}
PUT /api/persons/652cc8b5bed57c4769800f5d 400 114 - 98.692 ms {"name":"Israel Matute","number":"11","id":1}
POST /api/persons 200 78 - 96.679 ms {"name":"Israel Matute Moncada","number":"11","id":1}
POST /api/persons 200 63 - 99.281 ms {"name":"a","number":"1131313","id":2}
GET /api/persons 200 548 - 99.108 ms {}
GET /api/persons 304 - - 99.459 ms {}
POST /api/persons 200 61 - 102.189 ms {"name":"a","number":"12121","id":0}
GET /api/persons 200 548 - 99.242 ms {}
GET /api/persons 304 - - 98.837 ms {}
POST /api/persons 200 73 - 96.324 ms {"name":"Arturito","number":"1232413421","id":0}
GET /api/persons 200 622 - 104.926 ms {}
GET /api/persons 304 - - 98.679 ms {}
GET /api/persons 304 - - 119.452 ms {}
GET /api/persons 304 - - 97.662 ms {}
POST /api/persons 200 57 - 97.209 ms {"name":"a","number":"1","id":0}
GET /api/persons 200 622 - 97.693 ms {}
GET /api/persons 304 - - 97.396 ms {}
GET /api/persons 304 - - 118.400 ms {}
GET /api/persons 304 - - 97.517 ms {}
GET /api/persons 304 - - 105.415 ms {}
GET /api/persons 304 - - 99.855 ms {}
GET /api/persons 304 - - 98.849 ms {}
GET /api/persons 304 - - 98.672 ms {}
PUT /api/persons/652cc8b5bed57c4769800f5d 400 113 - 116.522 ms {"name":"Israel Matute","number":"1","id":0}
POST /api/persons 200 77 - 97.461 ms {"name":"Israel Matute Moncada","number":"1","id":0}
GET /api/persons 200 622 - 100.923 ms {}
GET /api/persons 304 - - 108.838 ms {}
POST /api/persons 200 70 - 97.318 ms {"name":" Israel Matute","number":"1","id":0}
PUT /api/persons/652cc8b5bed57c4769800f5d 400 117 - 100.451 ms {"name":"Israel Matute","number":"11111","id":1}
POST /api/persons 200 82 - 121.221 ms {"name":"Israel Matute Moncada XD","number":"111","id":1}
POST /api/persons 200 65 - 96.886 ms {"name":"ssssssss","number":"11","id":2}
GET /api/persons 200 622 - 98.734 ms {}
GET /api/persons 304 - - 97.818 ms {}
GET /api/persons 304 - - 98.847 ms {}
GET /api/persons 304 - - 99.618 ms {}
GET /api/persons 200 622 - 105.709 ms {}
GET /api/persons 304 - - 97.396 ms {}
GET /api/persons 200 622 - 97.464 ms {}
GET /api/persons 304 - - 107.916 ms {}
GET /api/persons 200 622 - 99.558 ms {}
GET /api/persons 304 - - 97.879 ms {}
GET /api/persons 200 622 - 97.621 ms {}
GET /api/persons 304 - - 97.139 ms {}
GET /api/persons 304 - - 99.289 ms {}
GET /api/persons 304 - - 97.780 ms {}
DELETE /api/persons/652cd94af3821d5024794baa 204 - - 0.634 ms {}
POST /api/persons 200 57 - 97.787 ms {"name":"a","number":"1","id":-1}
GET /api/persons 200 548 - 97.357 ms {}
GET /api/persons 304 - - 100.689 ms {}
GET /api/persons 304 - - 97.861 ms {}
DELETE /api/persons/652cc8b5bed57c4769800f5d 204 - - 0.262 ms {}
GET /api/persons 200 472 - 128.870 ms {}
GET /api/persons 304 - - 117.706 ms {}
POST /api/persons 200 70 - 98.863 ms {"name":"Israel Matute","number":"12","id":0}
GET /api/persons 200 472 - 97.235 ms {}
GET /api/persons 304 - - 97.587 ms {}
GET /api/persons 304 - - 96.997 ms {}
GET /api/persons 304 - - 104.839 ms {}
GET /api/persons 304 - - 98.417 ms {}
POST /api/persons 200 69 - 96.234 ms {"name":"Israel Matute","number":"1","id":0}
GET /api/persons 200 472 - 97.997 ms {}
GET /api/persons 304 - - 96.453 ms {}
GET /api/persons 304 - - 100.412 ms {}
GET /api/persons 304 - - 99.067 ms {}
POST /api/persons 200 57 - 97.735 ms {"name":"a","number":"1","id":0}
GET /api/persons 200 472 - 98.542 ms {}
GET /api/persons 304 - - 98.211 ms {}
POST /api/persons 200 57 - 97.126 ms {"name":"a","number":"1","id":0}
GET /api/persons 200 472 - 112.188 ms {}
GET /api/persons 304 - - 102.089 ms {}
POST /api/persons 200 57 - 110.920 ms {"name":"a","number":"1","id":0}
GET /api/persons 200 472 - 101.911 ms {}
GET /api/persons 304 - - 100.412 ms {}
GET /api/persons 304 - - 122.414 ms {}
GET /api/persons 304 - - 101.296 ms {}
POST /api/persons 200 57 - 101.958 ms {"name":"a","number":"1","id":0}
POST /api/persons 200 57 - 112.134 ms {"name":"q","number":"1","id":1}
POST /api/persons 200 57 - 109.167 ms {"name":"z","number":"1","id":2}
GET /api/persons 200 472 - 106.956 ms {}
GET /api/persons 304 - - 114.340 ms {}
POST /api/persons 200 57 - 98.129 ms {"name":"a","number":"1","id":0}
PUT /api/persons/652cdd677ff11c1b9030da6e 200 66 - 108.121 ms {"name":"a","number":"1","id":1}
GET /api/persons 200 472 - 107.820 ms {}
GET /api/persons 304 - - 99.591 ms {}
POST /api/persons 200 57 - 103.089 ms {"name":"a","number":"1","id":0}
POST /api/persons 200 75 - 110.941 ms {"name":"Israel Matute","number":"1231321","id":1}
GET /api/persons 200 472 - 109.402 ms {}
GET /api/persons 304 - - 142.110 ms {}
GET /api/persons 304 - - 100.253 ms {}
GET /api/persons 304 - - 112.297 ms {}
POST /api/persons 200 83 - 96.939 ms {"name":"Israel Matute","number":"111111111111111","id":0}
GET /api/persons 200 556 - 104.677 ms {}
GET /api/persons 304 - - 96.595 ms {}
PUT /api/persons/652cde164c8dc5e55bde85bb 400 113 - 101.490 ms {"name":"Israel Matute","number":"1","id":0}
GET /api/persons 304 - - 1057.788 ms {}
GET /api/persons 304 - - 98.636 ms {}
PUT /api/persons/652cde164c8dc5e55bde85bb 400 113 - 106.724 ms {"name":"Israel Matute","number":"1","id":0}
POST /api/persons 200 77 - 97.226 ms {"name":"Israel Matute Moncada","number":"1","id":0}
GET /api/persons 200 556 - 101.032 ms {}
GET /api/persons 304 - - 97.473 ms {}
GET /api/persons 304 - - 110.919 ms {}
GET /api/persons 304 - - 97.801 ms {}
POST /api/persons 200 57 - 101.770 ms {"name":"a","number":"1","id":0}
GET /api/persons 200 556 - 101.057 ms {}
GET /api/persons 304 - - 98.799 ms {}
POST /api/persons 200 69 - 96.508 ms {"name":"a","number":"8273412111112"}
GET /api/persons 304 - - 103.876 ms {}
GET /api/persons 304 - - 98.257 ms {}
POST /api/persons 200 69 - 111.646 ms {"name":"a","number":"8273412111112"}
POST /api/persons 200 69 - 99.632 ms {"name":"a","number":"8273412111112"}
POST /api/persons 200 57 - 97.504 ms {"name":"a","number":"8"}
POST /api/persons 200 57 - 98.164 ms {"name":"a","number":"8"}
POST /api/persons 200 57 - 98.854 ms {"name":"a","number":"8"}
POST /api/persons 200 57 - 97.080 ms {"name":"a","number":"8"}
POST /api/persons 200 57 - 97.772 ms {"name":"a","number":"8"}
PUT /api/persons/6528f6a97124f0d1264ef743 400 113 - 101.219 ms {"number":"8"}
PUT /api/persons/6528f6a97124f0d1264ef743 400 113 - 115.572 ms {"number":"8"}
PUT /api/persons/6528f6a97124f0d1264ef743 400 113 - 99.885 ms {"number":"8"}
PUT /api/persons/6528f6a97124f0d1264ef743 400 113 - 99.504 ms {"number":"8"}
PUT /api/persons/6528f6a97124f0d1264ef743 400 113 - 99.455 ms {"number":"8"}
POST /api/persons 200 57 - 99.672 ms {"name":"x","number":"8"}
PUT /api/notes/652cc37a9b56d3aedb5f676f 404 28 - 2.354 ms {"content":"Gano Noboa","Imporant":false}
PUT /api/notes/652cc37a9b56d3aedb5f676f 404 28 - 0.476 ms {"content":"Gano Noboa","Imporant":false}
PUT /api/persons/6528f6a97124f0d1264ef743 400 113 - 128.756 ms {"number":"8"}
POST /api/persons 200 57 - 100.912 ms {"name":"x","number":"8"}
POST /api/persons 200 57 - 98.534 ms {"name":"x","number":"8"}
POST /api/persons 200 57 - 98.600 ms {"name":"x","number":"8"}
PUT /api/persons/6528f6a97124f0d1264ef743 400 113 - 128.174 ms {"number":"8"}
PUT /api/persons/6528f6a97124f0d1264ef743 400 113 - 112.796 ms {"number":"8"}
PUT /api/persons/6528f6a97124f0d1264ef743 400 114 - 113.239 ms {"number":"81"}
POST /api/persons 200 57 - 97.573 ms {"name":"x","number":"8"}
POST /api/persons 200 57 - 101.244 ms {"name":"x","number":"8"}
POST /api/persons 200 57 - 98.131 ms {"name":"x","number":"8"}
POST /api/persons 200 57 - 644.481 ms {"name":"x","number":"8"}
POST /api/persons 200 57 - 99.910 ms {"name":"x","number":"8"}
POST /api/persons 200 57 - 111.524 ms {"name":"x","number":"8"}
POST /api/persons 200 57 - 111.549 ms {"name":"x","number":"8"}
POST /api/persons 400 63 - 113.582 ms {"name":"Karl Marx","number":"8"}
POST /api/persons 400 63 - 100.619 ms {"name":"Karl Marx","number":"8"}
POST /api/persons 400 41 - 9.183 ms {"name":"","number":"8"}
POST /api/persons 200 57 - 107.847 ms {"name":"a","number":"8"}
POST /api/persons 400 186 - 706.541 ms {"name":"a","number":"8"}
GET /api/persons 304 - - 114.474 ms {}
GET /api/persons 304 - - 99.733 ms {}
POST /api/persons 400 186 - 120.593 ms {"name":"a","number":"1","id":0}
POST /api/persons 400 113 - 112.925 ms {"name":"abasdsafd","number":"1","id":0}
POST /api/persons 200 77 - 200.343 ms {"name":"abasdsafd","number":"1111111111111","id":0}
GET /api/persons 200 634 - 104.084 ms {}
GET /api/persons 304 - - 101.339 ms {}
DELETE /api/persons/652ce42b141eb3746942d384 204 - - 0.489 ms {}
PUT /api/persons/652cde164c8dc5e55bde85bb 400 113 - 108.594 ms {"name":"Israel Matute","number":"1","id":-1}
POST /api/persons 400 117 - 107.849 ms {"name":"Israel Matutea","number":"11111","id":-1}
POST /api/persons 200 80 - 197.828 ms {"name":"Israel Matutea","number":"11111111111","id":-1}
GET /api/persons 200 637 - 100.783 ms {}
GET /api/persons 304 - - 97.957 ms {}
DELETE /api/persons/652ce447141eb3746942d38d 204 - - 0.289 ms {}
DELETE /api/persons/652cd1ef448b1d1b0f07efc2 204 - - 0.213 ms {}
POST /api/persons 400 186 - 144.886 ms {"name":"a","number":"8"}
POST /api/persons 400 186 - 114.226 ms {"name":"a","number":"8"}
POST /api/persons 400 186 - 117.851 ms {"name":"a","number":"8"}
POST /api/persons 400 187 - 114.183 ms {"name":"ab","number":"8"}
GET /api/persons 200 476 - 117.072 ms {}
GET / 200 452 - 5.631 ms {}
GET /assets/index-31c6fc43.css 200 210 - 2.934 ms {}
GET /assets/index-83040b89.js 200 175992 - 2.163 ms {}
GET /api/persons 304 - - 101.770 ms {}
DELETE /api/persons/652cde164c8dc5e55bde85bb 204 - - 1.299 ms {}
GET / 304 - - 1.013 ms {}
GET /assets/index-83040b89.js 304 - - 1.274 ms {}
GET /assets/index-31c6fc43.css 304 - - 1.018 ms {}
GET /vite.svg 200 1497 - 3.025 ms {}
GET /api/persons 200 392 - 99.493 ms {}
GET / 304 - - 0.731 ms {}
GET /assets/index-83040b89.js 304 - - 0.787 ms {}
GET /assets/index-31c6fc43.css 304 - - 0.507 ms {}
GET /vite.svg 304 - - 0.483 ms {}
GET /api/persons 304 - - 99.989 ms {}
